Using pre-set license
Built from '2020.3/release' branch; Version is '2020.3.1f1 (77a89f25062f) revision 7841951'; Using compiler version '192528614'; Build Type 'Release'
OS: 'Windows 10 Pro; OS build 19041.985; Version 2004; 64bit' Language: 'ru' Physical Memory: 3996 MB
BatchMode: 1, IsHumanControllingUs: 0, StartBugReporterOnCrash: 0, Is64bit: 1, IsPro: 0

 COMMAND LINE ARGUMENTS:
C:\UnityEditors\2020.3.1f1\Editor\Unity.exe
-adb2
-batchMode
-noUpm
-name
AssetImportWorker0
-projectPath
C:/Projects/Snake/Snake
-logFile
Logs/AssetImportWorker0.log
-srvPort
64746
Successfully changed project path to: C:/Projects/Snake/Snake
C:/Projects/Snake/Snake
Using Asset Import Pipeline V2.
Refreshing native plugins compatible for Editor in 65.61 ms, found 0 plugins.
Preloading 0 native plugins for Editor in 0.01 ms.
Initialize engine version: 2020.3.1f1 (77a89f25062f)
[Subsystems] Discovering subsystems at path C:/UnityEditors/2020.3.1f1/Editor/Data/Resources/UnitySubsystems
[Subsystems] Discovering subsystems at path C:/Projects/Snake/Snake/Assets
GfxDevice: creating device client; threaded=0
Direct3D:
    Version:  Direct3D 11.0 [level 11.1]
    Renderer: AMD Radeon R7 M460 (ID=0x6900)
    Vendor:   
    VRAM:     2038 MB
    Driver:   27.20.1034.6
Initialize mono
Mono path[0] = 'C:/UnityEditors/2020.3.1f1/Editor/Data/Managed'
Mono path[1] = 'C:/UnityEditors/2020.3.1f1/Editor/Data/MonoBleedingEdge/lib/mono/unityjit'
Mono config path = 'C:/UnityEditors/2020.3.1f1/Editor/Data/MonoBleedingEdge/etc'
Using monoOptions --debugger-agent=transport=dt_socket,embedding=1,server=y,suspend=n,address=127.0.0.1:56384
Begin MonoManager ReloadAssembly
Registering precompiled unity dll's ...
Register platform support module: C:/UnityEditors/2020.3.1f1/Editor/Data/PlaybackEngines/WindowsStandaloneSupport/UnityEditor.WindowsStandalone.Extensions.dll
Registered in 0.004830 seconds.
Native extension for WindowsStandalone target not found
Refreshing native plugins compatible for Editor in 27.05 ms, found 0 plugins.
Preloading 0 native plugins for Editor in 0.00 ms.
Invoked RoslynAnalysisRunner static constructor.
RoslynAnalysisRunner will not be running.
RoslynAnalysisRunner has terminated.
Mono: successfully reloaded assembly
- Completed reload, in  3.624 seconds
Platform modules already initialized, skipping
Registering precompiled user dll's ...
Registered in 0.002864 seconds.
Begin MonoManager ReloadAssembly
Native extension for WindowsStandalone target not found
Refreshing native plugins compatible for Editor in 0.31 ms, found 0 plugins.
Preloading 0 native plugins for Editor in 0.00 ms.
Invoked RoslynAnalysisRunner static constructor.
RoslynAnalysisRunner will not be running.
RoslynAnalysisRunner has terminated.
Mono: successfully reloaded assembly
- Completed reload, in  1.030 seconds
Platform modules already initialized, skipping
========================================================================
Worker process is ready to serve import requests
Launched and connected shader compiler UnityShaderCompiler.exe after 0.06 seconds
Refreshing native plugins compatible for Editor in 0.29 ms, found 0 plugins.
Preloading 0 native plugins for Editor in 0.00 ms.
Unloading 1113 Unused Serialized files (Serialized files now loaded: 0)
System memory in use before: 68.4 MB.
System memory in use after: 68.5 MB.

Unloading 10 unused Assets to reduce memory usage. Loaded Objects now: 1569.
Total: 12.078700 ms (FindLiveObjects: 0.942400 ms CreateObjectMapping: 0.127900 ms MarkObjects: 9.957800 ms  DeleteObjects: 1.048300 ms)

========================================================================
Received Import Request.
  path: Assets/New Terrain.asset
  artifactKey: Guid(b04908da933965b408c82eb37bcea28e) Importer(815301076,1909f56bfc062723c751e8b465ee728b)
Start importing Assets/New Terrain.asset using Guid(b04908da933965b408c82eb37bcea28e) Importer(815301076,1909f56bfc062723c751e8b465ee728b)  -> (artifact id: '900bb59122bfb603527b4c5a0481ed38') in 0.170587 seconds
  Import took 0.174875 seconds .

========================================================================
Received Import Request.
  Time since last request: 310.933293 seconds.
  path: Assets/Free Island Collection/Environment/Terrain/Textures/Cliff_1/Cliff_1_Diffuse.tif
  artifactKey: Guid(44c76103676243f41a593d9dcfb63e2a) Importer(815301076,1909f56bfc062723c751e8b465ee728b)
Start importing Assets/Free Island Collection/Environment/Terrain/Textures/Cliff_1/Cliff_1_Diffuse.tif using Guid(44c76103676243f41a593d9dcfb63e2a) Importer(815301076,1909f56bfc062723c751e8b465ee728b)  -> (artifact id: '788fc36d4d585dc48a8f0548417a64ff') in 0.878554 seconds
  Import took 0.941689 seconds .

========================================================================
Received Import Request.
  Time since last request: 0.000878 seconds.
  path: Assets/Free Island Collection/Environment/Terrain/Terrains/Terrain 4.asset
  artifactKey: Guid(a86e71163178e534b91625ff2705243f) Importer(815301076,1909f56bfc062723c751e8b465ee728b)
Start importing Assets/Free Island Collection/Environment/Terrain/Terrains/Terrain 4.asset using Guid(a86e71163178e534b91625ff2705243f) Importer(815301076,1909f56bfc062723c751e8b465ee728b)  -> (artifact id: 'c5b005e73f80c517d9d938f618650fdb') in 1.107153 seconds
  Import took 1.125124 seconds .

========================================================================
Received Import Request.
  Time since last request: 0.001201 seconds.
  path: Assets/Free Island Collection/Environment/Terrain/Textures/Grass_1/Grass_1_Normal.png
  artifactKey: Guid(e04faaa5f8d161d4491cd590cee62de9) Importer(815301076,1909f56bfc062723c751e8b465ee728b)
Start importing Assets/Free Island Collection/Environment/Terrain/Textures/Grass_1/Grass_1_Normal.png using Guid(e04faaa5f8d161d4491cd590cee62de9) Importer(815301076,1909f56bfc062723c751e8b465ee728b)  -> (artifact id: 'c6ba44454bddca2fd2dfc107929d8c49') in 0.292214 seconds
  Import took 0.294766 seconds .

========================================================================
Received Import Request.
  Time since last request: 0.000364 seconds.
  path: Assets/Free Island Collection/Environment/Terrain/Terrains/Terrain 2.asset
  artifactKey: Guid(68341d189870c82438df4aa82555e5bd) Importer(815301076,1909f56bfc062723c751e8b465ee728b)
Start importing Assets/Free Island Collection/Environment/Terrain/Terrains/Terrain 2.asset using Guid(68341d189870c82438df4aa82555e5bd) Importer(815301076,1909f56bfc062723c751e8b465ee728b)  -> (artifact id: 'd1027ff55c7e220b3d5e6b09fdf6999b') in 0.888630 seconds
  Import took 0.904681 seconds .

========================================================================
Received Import Request.
  Time since last request: 0.000430 seconds.
  path: Assets/Free Island Collection/Environment/Terrain/Textures/Mossy_Rock/Mossy_Rock_Diffuse.tif
  artifactKey: Guid(25aa1e93d2be86643bb80bb91e46a79b) Importer(815301076,1909f56bfc062723c751e8b465ee728b)
Start importing Assets/Free Island Collection/Environment/Terrain/Textures/Mossy_Rock/Mossy_Rock_Diffuse.tif using Guid(25aa1e93d2be86643bb80bb91e46a79b) Importer(815301076,1909f56bfc062723c751e8b465ee728b)  -> (artifact id: 'bef724a5789a9ae1a100b1c602d48e2d') in 0.033504 seconds
  Import took 0.037067 seconds .

========================================================================
Received Import Request.
  Time since last request: 0.001079 seconds.
  path: Assets/Free Island Collection/Environment/Terrain/Textures/Dirt_1/Dirt_1_Normal.png
  artifactKey: Guid(0ca6468d25898264ba4a05c519170642) Importer(815301076,1909f56bfc062723c751e8b465ee728b)
Start importing Assets/Free Island Collection/Environment/Terrain/Textures/Dirt_1/Dirt_1_Normal.png using Guid(0ca6468d25898264ba4a05c519170642) Importer(815301076,1909f56bfc062723c751e8b465ee728b)  -> (artifact id: '27dba9713ab7b5e3d0eed5e4fd2b8796') in 0.042371 seconds
  Import took 0.045676 seconds .

========================================================================
Received Import Request.
  Time since last request: 0.000406 seconds.
  path: Assets/Free Island Collection/Environment/Terrain/Textures/Dirt_2/Dirt_2_Diffuse.tif
  artifactKey: Guid(be60de281999eee428cb58e0c908dc13) Importer(815301076,1909f56bfc062723c751e8b465ee728b)
Start importing Assets/Free Island Collection/Environment/Terrain/Textures/Dirt_2/Dirt_2_Diffuse.tif using Guid(be60de281999eee428cb58e0c908dc13) Importer(815301076,1909f56bfc062723c751e8b465ee728b)  -> (artifact id: 'ae594b4f293f44a1e77c36a31c2d1af8') in 0.035398 seconds
  Import took 0.038486 seconds .

========================================================================
Received Import Request.
  Time since last request: 0.000384 seconds.
  path: Assets/Free Island Collection/Environment/Terrain/Textures/Grass_2/Grass_2_Diffuse.tif
  artifactKey: Guid(d3bf48d327d33be44bfc0862c7e8367c) Importer(815301076,1909f56bfc062723c751e8b465ee728b)
Start importing Assets/Free Island Collection/Environment/Terrain/Textures/Grass_2/Grass_2_Diffuse.tif using Guid(d3bf48d327d33be44bfc0862c7e8367c) Importer(815301076,1909f56bfc062723c751e8b465ee728b)  -> (artifact id: '984f161b8e5ee63a827f1f0592efc361') in 0.049888 seconds
  Import took 0.053002 seconds .

========================================================================
Received Import Request.
  Time since last request: 0.000313 seconds.
  path: Assets/Free Island Collection/Environment/Terrain/Terrains/Terrain 5.asset
  artifactKey: Guid(32a065fc41c860e46858365d0acfcab9) Importer(815301076,1909f56bfc062723c751e8b465ee728b)
Start importing Assets/Free Island Collection/Environment/Terrain/Terrains/Terrain 5.asset using Guid(32a065fc41c860e46858365d0acfcab9) Importer(815301076,1909f56bfc062723c751e8b465ee728b)  -> (artifact id: 'a57b6cca18e94473da493eba04825e8a') in 0.880947 seconds
  Import took 0.898065 seconds .

========================================================================
Received Import Request.
  Time since last request: 0.000917 seconds.
  path: Assets/Free Island Collection/Environment/Terrain/Textures/Mossy_Rock/Mossy_Rock_Normal.png
  artifactKey: Guid(59f60c0878b882d47aa2cdc4fad01ef9) Importer(815301076,1909f56bfc062723c751e8b465ee728b)
Start importing Assets/Free Island Collection/Environment/Terrain/Textures/Mossy_Rock/Mossy_Rock_Normal.png using Guid(59f60c0878b882d47aa2cdc4fad01ef9) Importer(815301076,1909f56bfc062723c751e8b465ee728b)  -> (artifact id: '798470ec53421b9aaa33642206f1ba29') in 0.036333 seconds
  Import took 0.039274 seconds .

========================================================================
Received Import Request.
  Time since last request: 0.000605 seconds.
  path: Assets/Free Island Collection/Environment/Terrain/Textures/Grass_2/Grass_2_Normal.png
  artifactKey: Guid(75c92dfd7f5dc74438f91d1df59ac88c) Importer(815301076,1909f56bfc062723c751e8b465ee728b)
Start importing Assets/Free Island Collection/Environment/Terrain/Textures/Grass_2/Grass_2_Normal.png using Guid(75c92dfd7f5dc74438f91d1df59ac88c) Importer(815301076,1909f56bfc062723c751e8b465ee728b)  -> (artifact id: 'd7216aaddbdc4b3c802588a937a54eb2') in 0.025063 seconds
  Import took 0.029155 seconds .

========================================================================
Received Import Request.
  Time since last request: 0.000327 seconds.
  path: Assets/Free Island Collection/Environment/Terrain/Textures/Cliff_2/Cliff_2_Normal.png
  artifactKey: Guid(debbe2657a1008e4cabc9c52ece0fc1c) Importer(815301076,1909f56bfc062723c751e8b465ee728b)
Start importing Assets/Free Island Collection/Environment/Terrain/Textures/Cliff_2/Cliff_2_Normal.png using Guid(debbe2657a1008e4cabc9c52ece0fc1c) Importer(815301076,1909f56bfc062723c751e8b465ee728b)  -> (artifact id: '03efdadfa52d8930e65776400502ca06') in 0.028522 seconds
  Import took 0.033043 seconds .

========================================================================
Received Import Request.
  Time since last request: 0.000648 seconds.
  path: Assets/Free Island Collection/Environment/Terrain/Terrains/Terrain 3.asset
  artifactKey: Guid(78008e4367245274f89317181626ef9c) Importer(815301076,1909f56bfc062723c751e8b465ee728b)
Start importing Assets/Free Island Collection/Environment/Terrain/Terrains/Terrain 3.asset using Guid(78008e4367245274f89317181626ef9c) Importer(815301076,1909f56bfc062723c751e8b465ee728b)  -> (artifact id: 'edea22cc5d3774195d25dd40b43a8522') in 0.801203 seconds
  Import took 0.819501 seconds .

========================================================================
Received Import Request.
  Time since last request: 0.000343 seconds.
  path: Assets/Free Island Collection/Environment/Terrain/Textures/Sand/Sand_Diffuse.tif
  artifactKey: Guid(42df4504925e3c6428d6c62cdba23147) Importer(815301076,1909f56bfc062723c751e8b465ee728b)
Start importing Assets/Free Island Collection/Environment/Terrain/Textures/Sand/Sand_Diffuse.tif using Guid(42df4504925e3c6428d6c62cdba23147) Importer(815301076,1909f56bfc062723c751e8b465ee728b)  -> (artifact id: '29811a799ddc75c24579e1312f616bd7') in 0.056168 seconds
  Import took 0.060544 seconds .

========================================================================
Received Import Request.
  Time since last request: 0.000496 seconds.
  path: Assets/Free Island Collection/Environment/Grass/Grass_B.png
  artifactKey: Guid(bb0d5eea483852c48ae3a1202ce4aa73) Importer(815301076,1909f56bfc062723c751e8b465ee728b)
Start importing Assets/Free Island Collection/Environment/Grass/Grass_B.png using Guid(bb0d5eea483852c48ae3a1202ce4aa73) Importer(815301076,1909f56bfc062723c751e8b465ee728b)  -> (artifact id: '963033b714547c48b8a248b7fca074ad') in 0.027237 seconds
  Import took 0.031035 seconds .

========================================================================
Received Import Request.
  Time since last request: 0.000871 seconds.
  path: Assets/Free Island Collection/Environment/Terrain/Terrains/Terrain 1.asset
  artifactKey: Guid(4d32e30b5f100b34092f0cddf84f008e) Importer(815301076,1909f56bfc062723c751e8b465ee728b)
Start importing Assets/Free Island Collection/Environment/Terrain/Terrains/Terrain 1.asset using Guid(4d32e30b5f100b34092f0cddf84f008e) Importer(815301076,1909f56bfc062723c751e8b465ee728b)  -> (artifact id: '86e1086aa72b4d6b3484e5c5e23bd2a4') in 0.834504 seconds
  Import took 0.855070 seconds .

========================================================================
Received Import Request.
  Time since last request: 0.000347 seconds.
  path: Assets/Free Island Collection/Environment/Terrain/Textures/Dirt_1/Dirt_1_Diffuse.tif
  artifactKey: Guid(721e0006ccd5ef64abea0e806ed8c207) Importer(815301076,1909f56bfc062723c751e8b465ee728b)
Start importing Assets/Free Island Collection/Environment/Terrain/Textures/Dirt_1/Dirt_1_Diffuse.tif using Guid(721e0006ccd5ef64abea0e806ed8c207) Importer(815301076,1909f56bfc062723c751e8b465ee728b)  -> (artifact id: '9a274b57a22fa6f9262e765608e84d50') in 0.035583 seconds
  Import took 0.038123 seconds .

========================================================================
Received Import Request.
  Time since last request: 0.000448 seconds.
  path: Assets/Free Island Collection/Environment/Grass/Grass_A.png
  artifactKey: Guid(c6a916989b92ad641abb97317d1a3a90) Importer(815301076,1909f56bfc062723c751e8b465ee728b)
Start importing Assets/Free Island Collection/Environment/Grass/Grass_A.png using Guid(c6a916989b92ad641abb97317d1a3a90) Importer(815301076,1909f56bfc062723c751e8b465ee728b)  -> (artifact id: 'd8a79d18404efe3e4b5025d1b9187430') in 0.031392 seconds
  Import took 0.034729 seconds .

========================================================================
Received Import Request.
  Time since last request: 0.000287 seconds.
  path: Assets/Free Island Collection/Environment/Terrain/Textures/Dirt_2/Dirt_2_Normal.png
  artifactKey: Guid(10d36c98009eb3740bbcec3a9475db29) Importer(815301076,1909f56bfc062723c751e8b465ee728b)
Start importing Assets/Free Island Collection/Environment/Terrain/Textures/Dirt_2/Dirt_2_Normal.png using Guid(10d36c98009eb3740bbcec3a9475db29) Importer(815301076,1909f56bfc062723c751e8b465ee728b)  -> (artifact id: 'cc3954a4ccb0d933cf85756183d9600a') in 0.039828 seconds
  Import took 0.044050 seconds .

========================================================================
Received Import Request.
  Time since last request: 0.000405 seconds.
  path: Assets/Free Island Collection/Environment/Terrain/Textures/Cliff_2/Cliff_2_Diffuse.tif
  artifactKey: Guid(d0111cb4aeac3a243ad5e9a93854f108) Importer(815301076,1909f56bfc062723c751e8b465ee728b)
Start importing Assets/Free Island Collection/Environment/Terrain/Textures/Cliff_2/Cliff_2_Diffuse.tif using Guid(d0111cb4aeac3a243ad5e9a93854f108) Importer(815301076,1909f56bfc062723c751e8b465ee728b)  -> (artifact id: '128ee7f058479982e0e4ce7e84d6fdb3') in 0.026433 seconds
  Import took 0.029938 seconds .

========================================================================
Received Import Request.
  Time since last request: 0.000378 seconds.
  path: Assets/Free Island Collection/Environment/Terrain/Textures/Grass_1/Grass_1_Diffuse.tif
  artifactKey: Guid(75ec9d666a8e3c8468361ddb5475adcc) Importer(815301076,1909f56bfc062723c751e8b465ee728b)
Start importing Assets/Free Island Collection/Environment/Terrain/Textures/Grass_1/Grass_1_Diffuse.tif using Guid(75ec9d666a8e3c8468361ddb5475adcc) Importer(815301076,1909f56bfc062723c751e8b465ee728b)  -> (artifact id: '40b1035012f1133d61bcf3a44413b4a6') in 0.023912 seconds
  Import took 0.028582 seconds .

========================================================================
Received Import Request.
  Time since last request: 9.178765 seconds.
  path: Assets/New Terrain.asset
  artifactKey: Guid(b04908da933965b408c82eb37bcea28e) Importer(815301076,1909f56bfc062723c751e8b465ee728b)
Start importing Assets/New Terrain.asset using Guid(b04908da933965b408c82eb37bcea28e) Importer(815301076,1909f56bfc062723c751e8b465ee728b)  -> (artifact id: 'cd40b37f2d06537d2b0155361445953b') in 0.030571 seconds
  Import took 0.035853 seconds .

========================================================================
Received Import Request.
  Time since last request: 0.000276 seconds.
  path: Assets/NewLayer.terrainlayer
  artifactKey: Guid(9eab5e3c39e72a144932a53da027ca6d) Importer(815301076,1909f56bfc062723c751e8b465ee728b)
Start importing Assets/NewLayer.terrainlayer using Guid(9eab5e3c39e72a144932a53da027ca6d) Importer(815301076,1909f56bfc062723c751e8b465ee728b)  -> (artifact id: '730caf9858dd49bad2cedec3941a9382') in 0.111536 seconds
  Import took 0.117634 seconds .

========================================================================
Received Import Request.
  Time since last request: 139.511032 seconds.
  path: Assets/Code
  artifactKey: Guid(eae8460b872e1844a8b87069adfa450e) Importer(815301076,1909f56bfc062723c751e8b465ee728b)
Start importing Assets/Code using Guid(eae8460b872e1844a8b87069adfa450e) Importer(815301076,1909f56bfc062723c751e8b465ee728b)  -> (artifact id: '9cce51395a6740156f4399c8c4e76e9a') in 0.009949 seconds
  Import took 0.013630 seconds .

========================================================================
Received Import Request.
  Time since last request: 135.707245 seconds.
  path: Assets/Code/Interface
  artifactKey: Guid(7bf964578a700394dabf2c6d3f01f5e3) Importer(815301076,1909f56bfc062723c751e8b465ee728b)
Start importing Assets/Code/Interface using Guid(7bf964578a700394dabf2c6d3f01f5e3) Importer(815301076,1909f56bfc062723c751e8b465ee728b)  -> (artifact id: '484bc21db34209a6b20f43ac05c682dd') in 0.008289 seconds
  Import took 0.012763 seconds .

========================================================================
Received Import Request.
  Time since last request: 6.910149 seconds.
  path: Assets/Code/Interfaces
  artifactKey: Guid(7bf964578a700394dabf2c6d3f01f5e3) Importer(815301076,1909f56bfc062723c751e8b465ee728b)
Start importing Assets/Code/Interfaces using Guid(7bf964578a700394dabf2c6d3f01f5e3) Importer(815301076,1909f56bfc062723c751e8b465ee728b)  -> (artifact id: 'a850c02741456bfbd5a681228e3774c4') in 0.009072 seconds
  Import took 0.011894 seconds .

========================================================================
Received Prepare
Registering precompiled user dll's ...
Registered in 0.001398 seconds.
Begin MonoManager ReloadAssembly
Native extension for WindowsStandalone target not found
Refreshing native plugins compatible for Editor in 0.55 ms, found 0 plugins.
Preloading 0 native plugins for Editor in 0.00 ms.
Invoked RoslynAnalysisRunner static constructor.
RoslynAnalysisRunner will not be running.
RoslynAnalysisRunner has terminated.
Mono: successfully reloaded assembly
- Completed reload, in  1.755 seconds
Platform modules already initialized, skipping
Refreshing native plugins compatible for Editor in 0.23 ms, found 0 plugins.
Preloading 0 native plugins for Editor in 0.00 ms.
Unloading 1114 Unused Serialized files (Serialized files now loaded: 0)
System memory in use before: 71.6 MB.
System memory in use after: 71.7 MB.

Unloading 5 unused Assets to reduce memory usage. Loaded Objects now: 1585.
Total: 7.920100 ms (FindLiveObjects: 0.454200 ms CreateObjectMapping: 0.057400 ms MarkObjects: 6.865500 ms  DeleteObjects: 0.540100 ms)

========================================================================
Received Import Request.
  Time since last request: 849.574776 seconds.
  path: Assets/Code/GameController.cs
  artifactKey: Guid(cc440c4c1b6c9b74a9ea5d631b7e126c) Importer(815301076,1909f56bfc062723c751e8b465ee728b)
Start importing Assets/Code/GameController.cs using Guid(cc440c4c1b6c9b74a9ea5d631b7e126c) Importer(815301076,1909f56bfc062723c751e8b465ee728b)  -> (artifact id: '65163de36d302ad9aca711768e9c046c') in 0.421730 seconds
  Import took 0.518411 seconds .

========================================================================
Received Import Request.
  Time since last request: 214.283652 seconds.
  path: Assets/Code/GameController.cs
  artifactKey: Guid(cc440c4c1b6c9b74a9ea5d631b7e126c) Importer(815301076,1909f56bfc062723c751e8b465ee728b)
Start importing Assets/Code/GameController.cs using Guid(cc440c4c1b6c9b74a9ea5d631b7e126c) Importer(815301076,1909f56bfc062723c751e8b465ee728b)  -> (artifact id: '1125b53df4f00935c1e49ee97e4e8148') in 0.005446 seconds
  Import took 0.008722 seconds .

========================================================================
Received Import Request.
  Time since last request: 1.633785 seconds.
  path: Assets/Code/Input
  artifactKey: Guid(db8af00e9966f9e4c81c6635a3cae08d) Importer(815301076,1909f56bfc062723c751e8b465ee728b)
Start importing Assets/Code/Input using Guid(db8af00e9966f9e4c81c6635a3cae08d) Importer(815301076,1909f56bfc062723c751e8b465ee728b)  -> (artifact id: 'a7ee9e21db83a456f3c2187a85cd78eb') in 0.017707 seconds
  Import took 0.021146 seconds .

========================================================================
Received Import Request.
  Time since last request: 1.216827 seconds.
  path: Assets/Code/Input/IPlayerInput.cs
  artifactKey: Guid(87292f3993d9a664ca76ee638320e4be) Importer(815301076,1909f56bfc062723c751e8b465ee728b)
Start importing Assets/Code/Input/IPlayerInput.cs using Guid(87292f3993d9a664ca76ee638320e4be) Importer(815301076,1909f56bfc062723c751e8b465ee728b)  -> (artifact id: 'adb2cc21edb728d9b76a521fe7e7f0fa') in 0.013445 seconds
  Import took 0.015873 seconds .

========================================================================
Received Import Request.
  Time since last request: 823.725705 seconds.
  path: Assets/Code/Input/IPlayerInput.cs
  artifactKey: Guid(87292f3993d9a664ca76ee638320e4be) Importer(815301076,1909f56bfc062723c751e8b465ee728b)
Start importing Assets/Code/Input/IPlayerInput.cs using Guid(87292f3993d9a664ca76ee638320e4be) Importer(815301076,1909f56bfc062723c751e8b465ee728b)  -> (artifact id: 'c326e855e33765e6b60b26a2d0a8b637') in 0.024128 seconds
  Import took 0.290108 seconds .

AssetImportWorkerClient::OnTransportError - code=2 error=End of file
