Using pre-set license
Built from '2020.3/release' branch; Version is '2020.3.1f1 (77a89f25062f) revision 7841951'; Using compiler version '192528614'; Build Type 'Release'
OS: 'Windows 10 Pro; OS build 19041.985; Version 2004; 64bit' Language: 'ru' Physical Memory: 3996 MB
BatchMode: 1, IsHumanControllingUs: 0, StartBugReporterOnCrash: 0, Is64bit: 1, IsPro: 0

 COMMAND LINE ARGUMENTS:
C:\UnityEditors\2020.3.1f1\Editor\Unity.exe
-adb2
-batchMode
-noUpm
-name
AssetImportWorker0
-projectPath
C:/Projects/Snake/Snake
-logFile
Logs/AssetImportWorker0.log
-srvPort
50528
Successfully changed project path to: C:/Projects/Snake/Snake
C:/Projects/Snake/Snake
Using Asset Import Pipeline V2.
Refreshing native plugins compatible for Editor in 29.69 ms, found 0 plugins.
Preloading 0 native plugins for Editor in 0.00 ms.
Initialize engine version: 2020.3.1f1 (77a89f25062f)
[Subsystems] Discovering subsystems at path C:/UnityEditors/2020.3.1f1/Editor/Data/Resources/UnitySubsystems
[Subsystems] Discovering subsystems at path C:/Projects/Snake/Snake/Assets
GfxDevice: creating device client; threaded=0
Direct3D:
    Version:  Direct3D 11.0 [level 11.1]
    Renderer: AMD Radeon R7 M460 (ID=0x6900)
    Vendor:   
    VRAM:     2038 MB
    Driver:   27.20.1034.6
Initialize mono
Mono path[0] = 'C:/UnityEditors/2020.3.1f1/Editor/Data/Managed'
Mono path[1] = 'C:/UnityEditors/2020.3.1f1/Editor/Data/MonoBleedingEdge/lib/mono/unityjit'
Mono config path = 'C:/UnityEditors/2020.3.1f1/Editor/Data/MonoBleedingEdge/etc'
Using monoOptions --debugger-agent=transport=dt_socket,embedding=1,server=y,suspend=n,address=127.0.0.1:56240
Begin MonoManager ReloadAssembly
Registering precompiled unity dll's ...
Register platform support module: C:/UnityEditors/2020.3.1f1/Editor/Data/PlaybackEngines/WindowsStandaloneSupport/UnityEditor.WindowsStandalone.Extensions.dll
Registered in 0.005786 seconds.
Native extension for WindowsStandalone target not found
Refreshing native plugins compatible for Editor in 26.52 ms, found 0 plugins.
Preloading 0 native plugins for Editor in 0.00 ms.
Invoked RoslynAnalysisRunner static constructor.
RoslynAnalysisRunner will not be running.
RoslynAnalysisRunner has terminated.
Mono: successfully reloaded assembly
- Completed reload, in  5.008 seconds
Platform modules already initialized, skipping
Registering precompiled user dll's ...
Registered in 0.002274 seconds.
Begin MonoManager ReloadAssembly
Native extension for WindowsStandalone target not found
Refreshing native plugins compatible for Editor in 0.24 ms, found 0 plugins.
Preloading 0 native plugins for Editor in 0.00 ms.
Invoked RoslynAnalysisRunner static constructor.
RoslynAnalysisRunner will not be running.
RoslynAnalysisRunner has terminated.
Mono: successfully reloaded assembly
- Completed reload, in  1.061 seconds
Platform modules already initialized, skipping
========================================================================
Worker process is ready to serve import requests
Launched and connected shader compiler UnityShaderCompiler.exe after 0.10 seconds
Refreshing native plugins compatible for Editor in 0.29 ms, found 0 plugins.
Preloading 0 native plugins for Editor in 0.00 ms.
Unloading 1125 Unused Serialized files (Serialized files now loaded: 0)
System memory in use before: 68.8 MB.
System memory in use after: 68.8 MB.

Unloading 10 unused Assets to reduce memory usage. Loaded Objects now: 1583.
Total: 8.313600 ms (FindLiveObjects: 0.252200 ms CreateObjectMapping: 0.079300 ms MarkObjects: 7.195700 ms  DeleteObjects: 0.784000 ms)

========================================================================
Received Import Request.
  path: Assets/Code/Models
  artifactKey: Guid(76a844662cf451e4c8de21e7d757aa9a) Importer(815301076,1909f56bfc062723c751e8b465ee728b)
Start importing Assets/Code/Models using Guid(76a844662cf451e4c8de21e7d757aa9a) Importer(815301076,1909f56bfc062723c751e8b465ee728b)  -> (artifact id: '35549074306664cb5baf41a512b9862f') in 0.025959 seconds
  Import took 0.028130 seconds .

========================================================================
Received Import Request.
  Time since last request: 3.043664 seconds.
  path: Assets/Code/Models/HeadModel.cs
  artifactKey: Guid(4461db7c1a47ea04bbe75f50c2e85bf7) Importer(815301076,1909f56bfc062723c751e8b465ee728b)
Start importing Assets/Code/Models/HeadModel.cs using Guid(4461db7c1a47ea04bbe75f50c2e85bf7) Importer(815301076,1909f56bfc062723c751e8b465ee728b)  -> (artifact id: '658bb1676c214f53ec382191d1dde047') in 0.072474 seconds
  Import took 0.075452 seconds .

========================================================================
Received Import Request.
  Time since last request: 0.047167 seconds.
  path: Assets/Code/Models/HeadModel.cs
  artifactKey: Guid(4461db7c1a47ea04bbe75f50c2e85bf7) Importer(815301076,1909f56bfc062723c751e8b465ee728b)
Start importing Assets/Code/Models/HeadModel.cs using Guid(4461db7c1a47ea04bbe75f50c2e85bf7) Importer(815301076,1909f56bfc062723c751e8b465ee728b)  -> (artifact id: '658bb1676c214f53ec382191d1dde047') in 0.003647 seconds
  Import took 0.005889 seconds .

========================================================================
Received Import Request.
  Time since last request: 26.225711 seconds.
  path: Assets/Code/Models/HeadModel.cs
  artifactKey: Guid(4461db7c1a47ea04bbe75f50c2e85bf7) Importer(815301076,1909f56bfc062723c751e8b465ee728b)
Start importing Assets/Code/Models/HeadModel.cs using Guid(4461db7c1a47ea04bbe75f50c2e85bf7) Importer(815301076,1909f56bfc062723c751e8b465ee728b)  -> (artifact id: '973706caed4a16a9a981ed4fda1071d4') in 0.002992 seconds
  Import took 0.005570 seconds .

========================================================================
Received Import Request.
  Time since last request: 4.978482 seconds.
  path: Assets/Code/Models/HeadModel.cs
  artifactKey: Guid(4461db7c1a47ea04bbe75f50c2e85bf7) Importer(815301076,1909f56bfc062723c751e8b465ee728b)
Start importing Assets/Code/Models/HeadModel.cs using Guid(4461db7c1a47ea04bbe75f50c2e85bf7) Importer(815301076,1909f56bfc062723c751e8b465ee728b)  -> (artifact id: 'd6e8ab58d261086114277c76463f8a9b') in 0.003005 seconds
  Import took 0.005062 seconds .

========================================================================
Received Import Request.
  Time since last request: 19.705351 seconds.
  path: Assets/Code/Models/HeadModel.cs
  artifactKey: Guid(4461db7c1a47ea04bbe75f50c2e85bf7) Importer(815301076,1909f56bfc062723c751e8b465ee728b)
Start importing Assets/Code/Models/HeadModel.cs using Guid(4461db7c1a47ea04bbe75f50c2e85bf7) Importer(815301076,1909f56bfc062723c751e8b465ee728b)  -> (artifact id: '319c5430679000399ad1c64794de4092') in 0.006499 seconds
  Import took 0.008503 seconds .

========================================================================
Received Import Request.
  Time since last request: 3.561003 seconds.
  path: Assets/Code/Models/HeadModel.cs
  artifactKey: Guid(4461db7c1a47ea04bbe75f50c2e85bf7) Importer(815301076,1909f56bfc062723c751e8b465ee728b)
Start importing Assets/Code/Models/HeadModel.cs using Guid(4461db7c1a47ea04bbe75f50c2e85bf7) Importer(815301076,1909f56bfc062723c751e8b465ee728b)  -> (artifact id: '2cb912aea3af70ca082bb413755328e7') in 0.003038 seconds
  Import took 0.005569 seconds .

========================================================================
Received Import Request.
  Time since last request: 1.152196 seconds.
  path: Assets/Code/Models/HeadModel.cs
  artifactKey: Guid(4461db7c1a47ea04bbe75f50c2e85bf7) Importer(815301076,1909f56bfc062723c751e8b465ee728b)
Start importing Assets/Code/Models/HeadModel.cs using Guid(4461db7c1a47ea04bbe75f50c2e85bf7) Importer(815301076,1909f56bfc062723c751e8b465ee728b)  -> (artifact id: '352b8702382dd3e58adea5b675d0372f') in 0.003806 seconds
  Import took 0.006134 seconds .

========================================================================
Received Import Request.
  Time since last request: 6.560159 seconds.
  path: Assets/Code/Models/HeadModel.cs
  artifactKey: Guid(4461db7c1a47ea04bbe75f50c2e85bf7) Importer(815301076,1909f56bfc062723c751e8b465ee728b)
Start importing Assets/Code/Models/HeadModel.cs using Guid(4461db7c1a47ea04bbe75f50c2e85bf7) Importer(815301076,1909f56bfc062723c751e8b465ee728b)  -> (artifact id: '8b51857df38a95077b27c2331359866a') in 0.003194 seconds
  Import took 0.005284 seconds .

========================================================================
Received Import Request.
  Time since last request: 3.435502 seconds.
  path: Assets/Code/Models/HeadModel.cs
  artifactKey: Guid(4461db7c1a47ea04bbe75f50c2e85bf7) Importer(815301076,1909f56bfc062723c751e8b465ee728b)
Start importing Assets/Code/Models/HeadModel.cs using Guid(4461db7c1a47ea04bbe75f50c2e85bf7) Importer(815301076,1909f56bfc062723c751e8b465ee728b)  -> (artifact id: '1be3ab9c09db5304e26fa32ddd76ab26') in 0.003842 seconds
  Import took 0.006318 seconds .

========================================================================
Received Import Request.
  Time since last request: 24.817535 seconds.
  path: Assets/Code/Models/LinkModel.cs
  artifactKey: Guid(4461db7c1a47ea04bbe75f50c2e85bf7) Importer(815301076,1909f56bfc062723c751e8b465ee728b)
Start importing Assets/Code/Models/LinkModel.cs using Guid(4461db7c1a47ea04bbe75f50c2e85bf7) Importer(815301076,1909f56bfc062723c751e8b465ee728b)  -> (artifact id: '31876614e99239b90c81166692bdd54d') in 0.008851 seconds
  Import took 0.011484 seconds .

========================================================================
Received Prepare
Registering precompiled user dll's ...
Registered in 0.002082 seconds.
Begin MonoManager ReloadAssembly
Native extension for WindowsStandalone target not found
Refreshing native plugins compatible for Editor in 0.24 ms, found 0 plugins.
Preloading 0 native plugins for Editor in 0.00 ms.
Invoked RoslynAnalysisRunner static constructor.
RoslynAnalysisRunner will not be running.
RoslynAnalysisRunner has terminated.
Mono: successfully reloaded assembly
- Completed reload, in  1.347 seconds
Platform modules already initialized, skipping
Refreshing native plugins compatible for Editor in 0.25 ms, found 0 plugins.
Preloading 0 native plugins for Editor in 0.00 ms.
Unloading 1122 Unused Serialized files (Serialized files now loaded: 0)
System memory in use before: 68.8 MB.
System memory in use after: 68.9 MB.

Unloading 5 unused Assets to reduce memory usage. Loaded Objects now: 1588.
Total: 10.399400 ms (FindLiveObjects: 0.442400 ms CreateObjectMapping: 0.067500 ms MarkObjects: 9.474100 ms  DeleteObjects: 0.412900 ms)

========================================================================
Received Import Request.
  Time since last request: 4149.805716 seconds.
  path: Assets/Code/Models/LinkModel.cs
  artifactKey: Guid(4461db7c1a47ea04bbe75f50c2e85bf7) Importer(815301076,1909f56bfc062723c751e8b465ee728b)
Start importing Assets/Code/Models/LinkModel.cs using Guid(4461db7c1a47ea04bbe75f50c2e85bf7) Importer(815301076,1909f56bfc062723c751e8b465ee728b)  -> (artifact id: '794088e2bdf6b2d1fbafb33ceab3ace8') in 0.009796 seconds
  Import took 0.013613 seconds .

========================================================================
Received Import Request.
  Time since last request: 0.020522 seconds.
  path: Assets/Code/Models/LinkModel.cs
  artifactKey: Guid(4461db7c1a47ea04bbe75f50c2e85bf7) Importer(815301076,1909f56bfc062723c751e8b465ee728b)
Start importing Assets/Code/Models/LinkModel.cs using Guid(4461db7c1a47ea04bbe75f50c2e85bf7) Importer(815301076,1909f56bfc062723c751e8b465ee728b)  -> (artifact id: '794088e2bdf6b2d1fbafb33ceab3ace8') in 0.003117 seconds
  Import took 0.008807 seconds .

AssetImportWorkerClient::OnTransportError - code=2 error=End of file
